!SESSION 2017-06-06 15:31:12.427 -----------------------------------------------
eclipse.buildId=4.6.2.M20161124-1400
java.version=1.8.0_121
java.vendor=Oracle Corporation
BootLoader constants: OS=win32, ARCH=x86_64, WS=win32, NL=ko_KR
Framework arguments:  -product org.eclipse.epp.package.jee.product
Command-line arguments:  -os win32 -ws win32 -arch x86_64 -product org.eclipse.epp.package.jee.product

!ENTRY org.eclipse.egit.ui 2 0 2017-06-06 15:31:57.683
!MESSAGE Warning: The environment variable HOME is not set. The following directory will be used to store the Git
user global configuration and to define the default location to store repositories: 'C:\Users\yo'. If this is
not correct please set the HOME environment variable and restart Eclipse. Otherwise Git for Windows and
EGit might behave differently since they see different configuration options.
This warning can be switched off on the Team > Git > Confirmations and Warnings preference page.

!ENTRY org.eclipse.jface.text 2 0 2017-06-06 15:33:56.433
!MESSAGE Duplicate template id: 'org.eclipse.wst.xslt.templates.xpath.number'

!ENTRY org.eclipse.jface.text 2 0 2017-06-06 15:33:56.434
!MESSAGE Duplicate template id: 'org.eclipse.wst.xslt.templates.xpath.round'

!ENTRY org.eclipse.jface.text 2 0 2017-06-06 15:33:56.535
!MESSAGE Duplicate template id: 'org.eclipse.wst.xslt.templates.xpath.number'

!ENTRY org.eclipse.jface.text 2 0 2017-06-06 15:33:56.536
!MESSAGE Duplicate template id: 'org.eclipse.wst.xslt.templates.xpath.round'
!SESSION 2017-06-09 23:22:38.099 -----------------------------------------------
eclipse.buildId=4.6.2.M20161124-1400
java.version=1.8.0_121
java.vendor=Oracle Corporation
BootLoader constants: OS=win32, ARCH=x86_64, WS=win32, NL=ko_KR
Framework arguments:  -product org.eclipse.epp.package.jee.product
Command-line arguments:  -os win32 -ws win32 -arch x86_64 -product org.eclipse.epp.package.jee.product

!ENTRY org.eclipse.egit.ui 2 0 2017-06-09 23:25:39.222
!MESSAGE Warning: The environment variable HOME is not set. The following directory will be used to store the Git
user global configuration and to define the default location to store repositories: 'C:\Users\yo'. If this is
not correct please set the HOME environment variable and restart Eclipse. Otherwise Git for Windows and
EGit might behave differently since they see different configuration options.
This warning can be switched off on the Team > Git > Confirmations and Warnings preference page.

!ENTRY org.eclipse.jface.text 2 0 2017-06-09 23:37:49.622
!MESSAGE Duplicate template id: 'org.eclipse.wst.xslt.templates.xpath.number'

!ENTRY org.eclipse.jface.text 2 0 2017-06-09 23:37:49.623
!MESSAGE Duplicate template id: 'org.eclipse.wst.xslt.templates.xpath.round'

!ENTRY org.eclipse.recommenders.models.rcp 1 11 2017-06-09 23:37:50.216
!MESSAGE The model index service was accessed either before it started or after it finished running.
!STACK 0
org.eclipse.recommenders.utils.Logs$LogTraceException
	at org.eclipse.recommenders.utils.Logs$LogTraceException.newTrace(Logs.java:381)
	at org.eclipse.recommenders.utils.Logs.log(Logs.java:134)
	at org.eclipse.recommenders.utils.Logs.log(Logs.java:126)
	at org.eclipse.recommenders.internal.models.rcp.EclipseModelIndex.suggest(EclipseModelIndex.java:212)
	at org.eclipse.recommenders.models.SimpleModelProvider.acquireModel(SimpleModelProvider.java:70)
	at org.eclipse.recommenders.models.PoolingModelProvider.access$0(PoolingModelProvider.java:1)
	at org.eclipse.recommenders.models.PoolingModelProvider$ModelPoolFactoryMediator.makeObject(PoolingModelProvider.java:96)
	at org.eclipse.recommenders.models.PoolingModelProvider$ModelPoolFactoryMediator.makeObject(PoolingModelProvider.java:1)
	at org.apache.commons.pool.impl.GenericKeyedObjectPool.borrowObject(GenericKeyedObjectPool.java:1220)
	at org.eclipse.recommenders.models.PoolingModelProvider.acquireModel(PoolingModelProvider.java:67)
	at org.eclipse.recommenders.internal.calls.rcp.RcpCallModelProvider.acquireModel(RcpCallModelProvider.java:65)
	at org.eclipse.recommenders.internal.calls.rcp.RcpCallModelProvider.acquireModel(RcpCallModelProvider.java:1)
	at org.eclipse.recommenders.internal.models.rcp.PrefetchModelArchiveJob.run(PrefetchModelArchiveJob.java:43)
	at org.eclipse.core.internal.jobs.Worker.run(Worker.java:55)

!ENTRY org.eclipse.jface.text 2 0 2017-06-09 23:44:56.879
!MESSAGE Duplicate template id: 'org.eclipse.wst.xslt.templates.xpath.number'

!ENTRY org.eclipse.jface.text 2 0 2017-06-09 23:44:56.881
!MESSAGE Duplicate template id: 'org.eclipse.wst.xslt.templates.xpath.round'

!ENTRY org.eclipse.recommenders.rcp 4 18 2017-06-11 05:21:34.502
!MESSAGE Failed to resolve selection in ‘=Final/src<{Login.java’ at offset 613.
!STACK 0
org.eclipse.recommenders.utils.Logs$LogTraceException
	at org.eclipse.recommenders.utils.Logs$LogTraceException.newTrace(Logs.java:381)
	at org.eclipse.recommenders.utils.Logs.log(Logs.java:134)
	at org.eclipse.recommenders.internal.rcp.JavaElementSelections.resolveJavaElementFromTypeRootInEditor(JavaElementSelections.java:164)
	at org.eclipse.recommenders.internal.rcp.JavaElementSelections.resolveJavaElementFromEditor(JavaElementSelections.java:119)
	at org.eclipse.recommenders.internal.rcp.JavaElementSelections.resolveJavaElementFromEditor(JavaElementSelections.java:102)
	at org.eclipse.recommenders.internal.rcp.JavaElementSelectionService.handleSelectionInEditor(JavaElementSelectionService.java:108)
	at org.eclipse.recommenders.internal.rcp.JavaElementSelectionService.access$1(JavaElementSelectionService.java:105)
	at org.eclipse.recommenders.internal.rcp.JavaElementSelectionService$1.run(JavaElementSelectionService.java:82)
	at java.util.concurrent.Executors$RunnableAdapter.call(Executors.java:511)
	at java.util.concurrent.FutureTask.run(FutureTask.java:266)
	at java.util.concurrent.ScheduledThreadPoolExecutor$ScheduledFutureTask.access$201(ScheduledThreadPoolExecutor.java:180)
	at java.util.concurrent.ScheduledThreadPoolExecutor$ScheduledFutureTask.run(ScheduledThreadPoolExecutor.java:293)
	at java.util.concurrent.ThreadPoolExecutor.runWorker(ThreadPoolExecutor.java:1142)
	at java.util.concurrent.ThreadPoolExecutor$Worker.run(ThreadPoolExecutor.java:617)
	at java.lang.Thread.run(Thread.java:745)

!ENTRY org.eclipse.jdt.launching 4 107 2017-06-11 21:09:44.842
!MESSAGE Launch configuration CharacterSetFactory references non-existing project jdbc_example3.

!ENTRY org.eclipse.jdt.launching 4 107 2017-06-11 21:10:14.243
!MESSAGE Launch configuration CharacterSetFactory references non-existing project jdbc_example3.

!ENTRY org.eclipse.jdt.launching 4 107 2017-06-11 21:10:51.994
!MESSAGE Launch configuration CharacterSetFactory references non-existing project jdbc_example3.

!ENTRY org.eclipse.jdt.launching 4 107 2017-06-11 21:10:57.953
!MESSAGE Launch configuration CharacterSetFactory references non-existing project jdbc_example3.

!ENTRY org.eclipse.jdt.launching 4 107 2017-06-11 21:11:16.332
!MESSAGE Launch configuration CharacterSetFactory references non-existing project jdbc_example3.

!ENTRY org.eclipse.jdt.launching 4 107 2017-06-11 21:14:24.313
!MESSAGE Launch configuration CharacterSetFactory references non-existing project jdbc_example3.

!ENTRY org.eclipse.jdt.launching 4 107 2017-06-11 21:15:12.054
!MESSAGE Launch configuration CharacterSetFactory references non-existing project jdbc_example3.

!ENTRY org.eclipse.jdt.launching 4 107 2017-06-11 21:15:17.340
!MESSAGE Launch configuration CharacterSetFactory references non-existing project jdbc_example3.

!ENTRY org.eclipse.jdt.launching 4 107 2017-06-11 21:15:20.647
!MESSAGE Launch configuration CharacterSetFactory references non-existing project jdbc_example3.

!ENTRY org.eclipse.jdt.launching 4 107 2017-06-11 21:15:24.425
!MESSAGE Launch configuration CharacterSetFactory references non-existing project jdbc_example3.

!ENTRY org.eclipse.jdt.launching 4 107 2017-06-11 21:16:52.890
!MESSAGE Launch configuration CharacterSetFactory references non-existing project jdbc_example3.

!ENTRY org.eclipse.jdt.launching 4 107 2017-06-11 21:18:07.777
!MESSAGE Launch configuration CharacterSetFactory references non-existing project jdbc_example3.

!ENTRY org.eclipse.jdt.launching 4 107 2017-06-11 21:18:15.976
!MESSAGE Launch configuration CharacterSetFactory references non-existing project jdbc_example3.
!SESSION 2017-06-11 21:18:38.729 -----------------------------------------------
eclipse.buildId=4.6.2.M20161124-1400
java.version=1.8.0_121
java.vendor=Oracle Corporation
BootLoader constants: OS=win32, ARCH=x86_64, WS=win32, NL=ko_KR
Framework arguments:  -product org.eclipse.epp.package.jee.product
Command-line arguments:  -os win32 -ws win32 -arch x86_64 -product org.eclipse.epp.package.jee.product

!ENTRY org.eclipse.egit.ui 2 0 2017-06-11 21:19:10.603
!MESSAGE Warning: The environment variable HOME is not set. The following directory will be used to store the Git
user global configuration and to define the default location to store repositories: 'C:\Users\yo'. If this is
not correct please set the HOME environment variable and restart Eclipse. Otherwise Git for Windows and
EGit might behave differently since they see different configuration options.
This warning can be switched off on the Team > Git > Confirmations and Warnings preference page.

!ENTRY org.eclipse.jdt.launching 4 107 2017-06-11 21:19:19.041
!MESSAGE Launch configuration CharacterSetFactory references non-existing project jdbc_example3.

!ENTRY org.eclipse.jdt.launching 4 107 2017-06-11 21:19:39.724
!MESSAGE Launch configuration CharacterSetFactory references non-existing project jdbc_example3.

!ENTRY org.eclipse.jface.text 2 0 2017-06-11 21:24:26.718
!MESSAGE Duplicate template id: 'org.eclipse.wst.xslt.templates.xpath.number'

!ENTRY org.eclipse.jface.text 2 0 2017-06-11 21:24:26.722
!MESSAGE Duplicate template id: 'org.eclipse.wst.xslt.templates.xpath.round'
!SESSION 2017-06-11 23:01:51.464 -----------------------------------------------
eclipse.buildId=4.6.2.M20161124-1400
java.version=1.8.0_121
java.vendor=Oracle Corporation
BootLoader constants: OS=win32, ARCH=x86_64, WS=win32, NL=ko_KR
Framework arguments:  -product org.eclipse.epp.package.jee.product -product org.eclipse.epp.package.jee.product
Command-line arguments:  -os win32 -ws win32 -arch x86_64 -product org.eclipse.epp.package.jee.product -data file:/D:/2017/database/ -product org.eclipse.epp.package.jee.product

!ENTRY org.eclipse.egit.ui 2 0 2017-06-11 23:02:33.160
!MESSAGE Warning: The environment variable HOME is not set. The following directory will be used to store the Git
user global configuration and to define the default location to store repositories: 'C:\Users\yo'. If this is
not correct please set the HOME environment variable and restart Eclipse. Otherwise Git for Windows and
EGit might behave differently since they see different configuration options.
This warning can be switched off on the Team > Git > Confirmations and Warnings preference page.
